2023-06-14T18:14:07.2139641 404 : [{"timestamp":"2023-06-14T23:14:07.196+00:00","status":404,"error":"Not Found","message":"No message available","path":"/search_user"}]
2023-06-14T18:17:17.4232229 404 : [{"timestamp":"2023-06-14T23:17:17.409+00:00","status":404,"error":"Not Found","message":"No message available","path":"/search_user"}]
2023-06-14T18:17:52.3816186 404 : [{"timestamp":"2023-06-14T23:17:52.379+00:00","status":404,"error":"Not Found","message":"No message available","path":"/search_user"}]
2023-06-14T18:18:05.2779389 404 : [{"timestamp":"2023-06-14T23:18:05.276+00:00","status":404,"error":"Not Found","message":"No message available","path":"/search_user"}]
2023-06-14T18:18:10.3758359 404 : [{"timestamp":"2023-06-14T23:18:10.374+00:00","status":404,"error":"Not Found","message":"No message available","path":"/search_user"}]
2023-06-14T18:18:59.4862345 404 : [{"timestamp":"2023-06-14T23:18:59.474+00:00","status":404,"error":"Not Found","message":"No message available","path":"/search_user"}]
2023-06-14T18:25:41.3683997 404 : [{"timestamp":"2023-06-14T23:25:41.355+00:00","status":404,"error":"Not Found","message":"No message available","path":"/search_user/1001"}]
2023-06-14T18:28:19.0232016 404 : [{"timestamp":"2023-06-14T23:28:19.011+00:00","status":404,"error":"Not Found","message":"No message available","path":"/search_user/1001"}]
2023-06-14T18:32:07.1394557 404 : [{"timestamp":"2023-06-14T23:32:07.126+00:00","status":404,"error":"Not Found","message":"Auction Not Found","path":"/users/search_user/123123"}]
2023-06-14T20:32:23.6231581 404 : [{"timestamp":"2023-06-15T01:32:23.609+00:00","status":404,"error":"Not Found","message":"No message available","path":"/account"}]
2023-06-14T20:37:19.5371007 404 : [{"timestamp":"2023-06-15T01:37:19.524+00:00","status":404,"error":"Not Found","message":"No message available","path":"/account"}]
2023-06-14T20:38:58.4450053 400 : [{"timestamp":"2023-06-15T01:38:58.432+00:00","status":400,"error":"Bad Request","message":"Required int parameter 'accountId' is not present","path":"/dashboard/account"}]
2023-06-14T20:40:42.2762234 400 : [{"timestamp":"2023-06-15T01:40:42.263+00:00","status":400,"error":"Bad Request","message":"Required int parameter 'accountId' is not present","path":"/dashboard/account"}]
2023-06-14T20:42:22.7268856 401 : [no body]
2023-06-14T20:42:35.31206 404 : [{"timestamp":"2023-06-15T01:42:35.310+00:00","status":404,"error":"Not Found","message":"No message available","path":"/dashboard/account/1006"}]
2023-06-14T20:46:30.6512057 500 : [{"timestamp":"2023-06-15T01:46:30.637+00:00","status":500,"error":"Internal Server Error","message":"Missing URI template variable 'accountId' for method parameter of type int","path":"/dashboard/account/1001"}]
2023-06-14T20:47:59.5749824 404 : [{"timestamp":"2023-06-15T01:47:59.561+00:00","status":404,"error":"Not Found","message":"Account Not Found","path":"/dashboard/account/1001"}]
2023-06-14T21:06:34.0480341 404 : [{"timestamp":"2023-06-15T02:06:34.032+00:00","status":404,"error":"Not Found","message":"No message available","path":"/account"}]
2023-06-14T21:06:34.0590442 404 : [{"timestamp":"2023-06-15T02:06:34.057+00:00","status":404,"error":"Not Found","message":"No message available","path":"/account"}]
2023-06-14T21:06:34.071055 404 : [{"timestamp":"2023-06-15T02:06:34.069+00:00","status":404,"error":"Not Found","message":"No message available","path":"/"}]
2023-06-14T21:38:36.2868265 404 : [{"timestamp":"2023-06-15T02:38:36.270+00:00","status":404,"error":"Not Found","message":"No message available","path":"/account"}]
2023-06-14T21:38:36.2988375 404 : [{"timestamp":"2023-06-15T02:38:36.296+00:00","status":404,"error":"Not Found","message":"No message available","path":"/account"}]
2023-06-14T21:38:36.3118502 404 : [{"timestamp":"2023-06-15T02:38:36.310+00:00","status":404,"error":"Not Found","message":"No message available","path":"/"}]
2023-06-14T21:38:36.3248616 404 : [{"timestamp":"2023-06-15T02:38:36.323+00:00","status":404,"error":"Not Found","message":"No message available","path":"/dashboard/transfer0"}]
2023-06-14T21:41:36.0967204 404 : [{"timestamp":"2023-06-15T02:41:36.084+00:00","status":404,"error":"Not Found","message":"No message available","path":"/account"}]
2023-06-14T21:41:36.1117336 404 : [{"timestamp":"2023-06-15T02:41:36.109+00:00","status":404,"error":"Not Found","message":"No message available","path":"/account"}]
2023-06-14T21:41:36.1557742 400 : [{"timestamp":"2023-06-15T02:41:36.147+00:00","status":400,"error":"Bad Request","message":"Validation failed for object='transfer'. Error count: 1","errors":[{"codes":["NotNull.transfer.amount","NotNu... (534 bytes)]
2023-06-14T22:21:07.2114258 404 : [{"timestamp":"2023-06-15T03:21:07.197+00:00","status":404,"error":"Not Found","message":"No message available","path":"/account"}]
2023-06-14T22:21:07.2234379 404 : [{"timestamp":"2023-06-15T03:21:07.221+00:00","status":404,"error":"Not Found","message":"No message available","path":"/account"}]
2023-06-14T22:21:07.271483 400 : [{"timestamp":"2023-06-15T03:21:07.263+00:00","status":400,"error":"Bad Request","message":"Validation failed for object='transfer'. Error count: 1","errors":[{"codes":["NotNull.transfer.amount","NotNu... (534 bytes)]
2023-06-14T22:24:19.117678 404 : [{"timestamp":"2023-06-15T03:24:19.101+00:00","status":404,"error":"Not Found","message":"No message available","path":"/account"}]
2023-06-14T22:24:19.1306892 404 : [{"timestamp":"2023-06-15T03:24:19.128+00:00","status":404,"error":"Not Found","message":"No message available","path":"/account"}]
2023-06-14T22:24:19.1837391 400 : [{"timestamp":"2023-06-15T03:24:19.175+00:00","status":400,"error":"Bad Request","message":"Validation failed for object='transfer'. Error count: 1","errors":[{"codes":["NotNull.transfer.amount","NotNu... (534 bytes)]
2023-06-14T22:26:39.7149879 404 : [{"timestamp":"2023-06-15T03:26:39.701+00:00","status":404,"error":"Not Found","message":"No message available","path":"/account"}]
2023-06-14T22:26:39.7290012 404 : [{"timestamp":"2023-06-15T03:26:39.728+00:00","status":404,"error":"Not Found","message":"No message available","path":"/account"}]
2023-06-14T22:26:39.7589287 400 : [{"timestamp":"2023-06-15T03:26:39.754+00:00","status":400,"error":"Bad Request","message":"Validation failed for object='transfer'. Error count: 1","errors":[{"codes":["NotNull.transfer.amount","NotNu... (534 bytes)]
2023-06-14T22:34:22.286377 404 : [{"timestamp":"2023-06-15T03:34:22.270+00:00","status":404,"error":"Not Found","message":"No message available","path":"/account"}]
2023-06-14T22:34:22.298388 404 : [{"timestamp":"2023-06-15T03:34:22.296+00:00","status":404,"error":"Not Found","message":"No message available","path":"/account"}]
2023-06-14T22:34:22.3444301 400 : [{"timestamp":"2023-06-15T03:34:22.336+00:00","status":400,"error":"Bad Request","message":"Validation failed for object='transfer'. Error count: 1","errors":[{"codes":["NotNull.transfer.amount","NotNu... (534 bytes)]
2023-06-14T22:37:28.6130127 404 : [{"timestamp":"2023-06-15T03:37:28.601+00:00","status":404,"error":"Not Found","message":"No message available","path":"/account"}]
2023-06-14T22:37:28.6240217 404 : [{"timestamp":"2023-06-15T03:37:28.622+00:00","status":404,"error":"Not Found","message":"No message available","path":"/account"}]
2023-06-14T22:37:28.6410382 400 : [{"timestamp":"2023-06-15T03:37:28.639+00:00","status":400,"error":"Bad Request","message":"Validation failed for object='transfer'. Error count: 1","errors":[{"codes":["NotNull.transfer.amount","NotNu... (534 bytes)]
