2023-06-15T01:30:55.2204924 404 : [{"timestamp":"2023-06-15T06:30:55.206+00:00","status":404,"error":"Not Found","message":"No message available","path":"/account"}]
2023-06-15T01:30:55.229502 404 : [{"timestamp":"2023-06-15T06:30:55.228+00:00","status":404,"error":"Not Found","message":"No message available","path":"/account"}]
2023-06-15T01:30:55.2715387 400 : [{"timestamp":"2023-06-15T06:30:55.264+00:00","status":400,"error":"Bad Request","message":"Validation failed for object='transfer'. Error count: 1","errors":[{"codes":["NotNull.transfer.amount","NotNu... (534 bytes)]
2023-06-15T01:32:31.2501875 404 : [{"timestamp":"2023-06-15T06:32:31.239+00:00","status":404,"error":"Not Found","message":"No message available","path":"/account"}]
2023-06-15T01:32:31.2601971 404 : [{"timestamp":"2023-06-15T06:32:31.258+00:00","status":404,"error":"Not Found","message":"No message available","path":"/account"}]
2023-06-15T01:32:31.2882232 400 : [{"timestamp":"2023-06-15T06:32:31.285+00:00","status":400,"error":"Bad Request","message":"Validation failed for object='transfer'. Error count: 1","errors":[{"codes":["NotNull.transfer.amount","NotNu... (534 bytes)]
2023-06-15T01:34:26.6138651 404 : [{"timestamp":"2023-06-15T06:34:26.601+00:00","status":404,"error":"Not Found","message":"No message available","path":"/account"}]
2023-06-15T01:34:26.6218728 404 : [{"timestamp":"2023-06-15T06:34:26.620+00:00","status":404,"error":"Not Found","message":"No message available","path":"/account"}]
2023-06-15T01:34:26.6488962 400 : [{"timestamp":"2023-06-15T06:34:26.646+00:00","status":400,"error":"Bad Request","message":"Validation failed for object='transfer'. Error count: 1","errors":[{"codes":["NotNull.transfer.amount","NotNu... (534 bytes)]
2023-06-15T01:36:18.1588512 404 : [{"timestamp":"2023-06-15T06:36:18.146+00:00","status":404,"error":"Not Found","message":"No message available","path":"/account"}]
2023-06-15T01:36:18.1668574 404 : [{"timestamp":"2023-06-15T06:36:18.165+00:00","status":404,"error":"Not Found","message":"No message available","path":"/account"}]
2023-06-15T01:36:18.1788697 400 : [{"timestamp":"2023-06-15T06:36:18.176+00:00","status":400,"error":"Bad Request","message":"Validation failed for object='transfer'. Error count: 1","errors":[{"codes":["NotNull.transfer.amount","NotNu... (534 bytes)]
2023-06-15T01:40:38.9848832 404 : [{"timestamp":"2023-06-15T06:40:38.972+00:00","status":404,"error":"Not Found","message":"No message available","path":"/account"}]
2023-06-15T01:40:38.9928902 404 : [{"timestamp":"2023-06-15T06:40:38.990+00:00","status":404,"error":"Not Found","message":"No message available","path":"/account"}]
2023-06-15T01:40:39.0059022 400 : [{"timestamp":"2023-06-15T06:40:39.003+00:00","status":400,"error":"Bad Request","message":"Validation failed for object='transfer'. Error count: 1","errors":[{"codes":["NotNull.transfer.amount","NotNu... (534 bytes)]
2023-06-15T01:43:09.6166717 404 : [{"timestamp":"2023-06-15T06:43:09.604+00:00","status":404,"error":"Not Found","message":"No message available","path":"/account"}]
2023-06-15T01:43:09.6236774 404 : [{"timestamp":"2023-06-15T06:43:09.622+00:00","status":404,"error":"Not Found","message":"No message available","path":"/account"}]
2023-06-15T01:43:09.6366892 400 : [{"timestamp":"2023-06-15T06:43:09.634+00:00","status":400,"error":"Bad Request","message":"Validation failed for object='transfer'. Error count: 1","errors":[{"codes":["NotNull.transfer.amount","NotNu... (534 bytes)]
2023-06-15T01:50:46.2597297 404 : [{"timestamp":"2023-06-15T06:50:46.248+00:00","status":404,"error":"Not Found","message":"No message available","path":"/account"}]
2023-06-15T01:50:46.2677364 404 : [{"timestamp":"2023-06-15T06:50:46.266+00:00","status":404,"error":"Not Found","message":"No message available","path":"/account"}]
2023-06-15T01:50:46.2787458 400 : [{"timestamp":"2023-06-15T06:50:46.277+00:00","status":400,"error":"Bad Request","message":"Validation failed for object='transfer'. Error count: 1","errors":[{"codes":["NotNull.transfer.amount","NotNu... (534 bytes)]
2023-06-15T01:57:31.2318723 404 : [{"timestamp":"2023-06-15T06:57:31.220+00:00","status":404,"error":"Not Found","message":"No message available","path":"/account"}]
2023-06-15T01:57:31.2388775 404 : [{"timestamp":"2023-06-15T06:57:31.237+00:00","status":404,"error":"Not Found","message":"No message available","path":"/account"}]
2023-06-15T01:57:31.2508896 400 : [{"timestamp":"2023-06-15T06:57:31.248+00:00","status":400,"error":"Bad Request","message":"Validation failed for object='transfer'. Error count: 1","errors":[{"codes":["NotNull.transfer.amount","NotNu... (534 bytes)]
2023-06-15T02:00:04.2938309 404 : [{"timestamp":"2023-06-15T07:00:04.281+00:00","status":404,"error":"Not Found","message":"No message available","path":"/account"}]
2023-06-15T02:00:04.3008369 404 : [{"timestamp":"2023-06-15T07:00:04.299+00:00","status":404,"error":"Not Found","message":"No message available","path":"/account"}]
2023-06-15T02:00:04.3268609 400 : [{"timestamp":"2023-06-15T07:00:04.323+00:00","status":400,"error":"Bad Request","message":"Validation failed for object='transfer'. Error count: 1","errors":[{"codes":["NotNull.transfer.amount","NotNu... (534 bytes)]
2023-06-15T02:03:43.4396749 404 : [{"timestamp":"2023-06-15T07:03:43.428+00:00","status":404,"error":"Not Found","message":"No message available","path":"/account"}]
2023-06-15T02:03:43.4476816 404 : [{"timestamp":"2023-06-15T07:03:43.446+00:00","status":404,"error":"Not Found","message":"No message available","path":"/account"}]
2023-06-15T02:03:43.4717037 400 : [{"timestamp":"2023-06-15T07:03:43.469+00:00","status":400,"error":"Bad Request","message":"Validation failed for object='transfer'. Error count: 1","errors":[{"codes":["NotNull.transfer.amount","NotNu... (534 bytes)]
2023-06-15T02:07:42.6650755 404 : [{"timestamp":"2023-06-15T07:07:42.652+00:00","status":404,"error":"Not Found","message":"No message available","path":"/account"}]
2023-06-15T02:07:42.6730832 404 : [{"timestamp":"2023-06-15T07:07:42.672+00:00","status":404,"error":"Not Found","message":"No message available","path":"/account"}]
2023-06-15T02:07:42.780182 500 : [{"timestamp":"2023-06-15T07:07:42.777+00:00","status":500,"error":"Internal Server Error","message":"PreparedStatementCallback; SQL [INSERT INTO transfer (transfer_type_id, transfer_status_id, account... (749 bytes)]
2023-06-15T02:12:39.9383181 404 : [{"timestamp":"2023-06-15T07:12:39.927+00:00","status":404,"error":"Not Found","message":"No message available","path":"/account"}]
2023-06-15T02:12:39.946316 404 : [{"timestamp":"2023-06-15T07:12:39.945+00:00","status":404,"error":"Not Found","message":"No message available","path":"/account"}]
2023-06-15T02:12:39.9613296 500 : [{"timestamp":"2023-06-15T07:12:39.959+00:00","status":500,"error":"Internal Server Error","message":"PreparedStatementCallback; SQL [INSERT INTO transfer (transfer_type_id, transfer_status_id, account... (749 bytes)]
2023-06-15T02:13:33.9876058 404 : [{"timestamp":"2023-06-15T07:13:33.973+00:00","status":404,"error":"Not Found","message":"No message available","path":"/account"}]
2023-06-15T02:13:33.9946123 404 : [{"timestamp":"2023-06-15T07:13:33.993+00:00","status":404,"error":"Not Found","message":"No message available","path":"/account"}]
2023-06-15T02:13:54.1034472 500 : [{"timestamp":"2023-06-15T07:13:54.093+00:00","status":500,"error":"Internal Server Error","message":"PreparedStatementCallback; SQL [INSERT INTO transfer (transfer_type_id, transfer_status_id, account... (749 bytes)]
2023-06-15T02:14:44.4410192 404 : [{"timestamp":"2023-06-15T07:14:44.428+00:00","status":404,"error":"Not Found","message":"No message available","path":"/account"}]
2023-06-15T02:14:47.0959483 404 : [{"timestamp":"2023-06-15T07:14:47.089+00:00","status":404,"error":"Not Found","message":"No message available","path":"/account"}]
2023-06-15T02:14:48.3122422 500 : [{"timestamp":"2023-06-15T07:14:48.302+00:00","status":500,"error":"Internal Server Error","message":"PreparedStatementCallback; SQL [INSERT INTO transfer (transfer_type_id, transfer_status_id, account... (749 bytes)]
2023-06-15T02:17:50.8506805 404 : [{"timestamp":"2023-06-15T07:17:50.835+00:00","status":404,"error":"Not Found","message":"No message available","path":"/account"}]
2023-06-15T02:17:50.8606889 404 : [{"timestamp":"2023-06-15T07:17:50.859+00:00","status":404,"error":"Not Found","message":"No message available","path":"/account"}]
2023-06-15T02:17:50.9527723 500 : [{"timestamp":"2023-06-15T07:17:50.950+00:00","status":500,"error":"Internal Server Error","message":"PreparedStatementCallback; SQL [INSERT INTO transfer (transfer_type_id, transfer_status_id, account... (749 bytes)]
2023-06-15T02:20:30.4675012 404 : [{"timestamp":"2023-06-15T07:20:30.453+00:00","status":404,"error":"Not Found","message":"No message available","path":"/account"}]
2023-06-15T02:20:30.4775103 404 : [{"timestamp":"2023-06-15T07:20:30.476+00:00","status":404,"error":"Not Found","message":"No message available","path":"/account"}]
2023-06-15T02:23:18.133954 404 : [{"timestamp":"2023-06-15T07:23:18.121+00:00","status":404,"error":"Not Found","message":"No message available","path":"/account"}]
2023-06-15T02:23:18.1429621 404 : [{"timestamp":"2023-06-15T07:23:18.140+00:00","status":404,"error":"Not Found","message":"No message available","path":"/account"}]
2023-06-15T02:23:59.2609741 404 : [{"timestamp":"2023-06-15T07:23:59.249+00:00","status":404,"error":"Not Found","message":"No message available","path":"/account"}]
2023-06-15T02:23:59.2699809 404 : [{"timestamp":"2023-06-15T07:23:59.267+00:00","status":404,"error":"Not Found","message":"No message available","path":"/account"}]
2023-06-15T02:26:08.3985527 500 : [{"timestamp":"2023-06-15T07:26:08.385+00:00","status":500,"error":"Internal Server Error","message":"PreparedStatementCallback; bad SQL grammar [UPDATE account SET balance = ? WHERE accountId = ? ]; n... (425 bytes)]
2023-06-15T02:26:08.4105637 500 : [{"timestamp":"2023-06-15T07:26:08.409+00:00","status":500,"error":"Internal Server Error","message":"PreparedStatementCallback; bad SQL grammar [UPDATE account SET balance = ? WHERE accountId = ? ]; n... (425 bytes)]
2023-06-15T18:47:40.2682329 401 : [no body]
2023-06-15T21:25:01.2504459 I/O error on POST request for "http://localhost:8080/login": Connection refused: connect; nested exception is java.net.ConnectException: Connection refused: connect
2023-06-15T21:26:03.6409848 I/O error on POST request for "http://localhost:8080/login": Connection refused: connect; nested exception is java.net.ConnectException: Connection refused: connect
2023-06-15T21:28:31.3397099 401 : [no body]
